Flow report for MySecondDigitalSystem
Tue Nov 01 14:07:40 2022
Quartus Prime Version 18.0.0 Build 614 04/24/2018 SJ Lite Edition


---------------------
; Table of Contents ;
---------------------
  1. Legal Notice
  2. Flow Summary
  3. Flow Settings
  4. Flow Non-Default Global Settings
  5. Flow Elapsed Time
  6. Flow OS Summary
  7. Flow Log
  8. Flow Messages
  9. Flow Suppressed Messages



----------------
; Legal Notice ;
----------------
Copyright (C) 2018  Intel Corporation. All rights reserved.
Your use of Intel Corporation's design tools, logic functions 
and other software and tools, and its AMPP partner logic 
functions, and any output files from any of the foregoing 
(including device programming or simulation files), and any 
associated documentation or information are expressly subject 
to the terms and conditions of the Intel Program License 
Subscription Agreement, the Intel Quartus Prime License Agreement,
the Intel FPGA IP License Agreement, or other applicable license
agreement, including, without limitation, that your use is for
the sole purpose of programming logic devices manufactured by
Intel and sold by Intel or its authorized distributors.  Please
refer to the applicable agreement for further details.



+----------------------------------------------------------------------------------+
; Flow Summary                                                                     ;
+------------------------------------+---------------------------------------------+
; Flow Status                        ; Successful - Tue Nov 01 14:07:40 2022       ;
; Quartus Prime Version              ; 18.0.0 Build 614 04/24/2018 SJ Lite Edition ;
; Revision Name                      ; MySecondDigitalSystem                       ;
; Top-level Entity Name              ; MySecondDigitalSystem                       ;
; Family                             ; MAX 10                                      ;
; Device                             ; 10M16SAU169C8G                              ;
; Timing Models                      ; Final                                       ;
; Total logic elements               ; 2 / 15,840 ( < 1 % )                        ;
;     Total combinational functions  ; 2 / 15,840 ( < 1 % )                        ;
;     Dedicated logic registers      ; 0 / 15,840 ( 0 % )                          ;
; Total registers                    ; 0                                           ;
; Total pins                         ; 5 / 130 ( 4 % )                             ;
; Total virtual pins                 ; 0                                           ;
; Total memory bits                  ; 0 / 562,176 ( 0 % )                         ;
; Embedded Multiplier 9-bit elements ; 0 / 90 ( 0 % )                              ;
; Total PLLs                         ; 0 / 1 ( 0 % )                               ;
; UFM blocks                         ; 0 / 1 ( 0 % )                               ;
; ADC blocks                         ; 0 / 1 ( 0 % )                               ;
+------------------------------------+---------------------------------------------+


+-------------------------------------------+
; Flow Settings                             ;
+-------------------+-----------------------+
; Option            ; Setting               ;
+-------------------+-----------------------+
; Start date & time ; 11/01/2022 14:06:11   ;
; Main task         ; Compilation           ;
; Revision Name     ; MySecondDigitalSystem ;
+-------------------+-----------------------+


+-----------------------------------------------------------------------------------------------------------------------------+
; Flow Non-Default Global Settings                                                                                            ;
+-------------------------------------+----------------------------------------+---------------+-------------+----------------+
; Assignment Name                     ; Value                                  ; Default Value ; Entity Name ; Section Id     ;
+-------------------------------------+----------------------------------------+---------------+-------------+----------------+
; COMPILER_SIGNATURE_ID               ; 10995770589201.166730797016848         ; --            ; --          ; --             ;
; EDA_OUTPUT_DATA_FORMAT              ; Vhdl                                   ; --            ; --          ; eda_simulation ;
; EDA_SIMULATION_TOOL                 ; ModelSim-Altera (VHDL)                 ; <None>        ; --          ; --             ;
; EDA_TIME_SCALE                      ; 1 ps                                   ; --            ; --          ; eda_simulation ;
; MAX_CORE_JUNCTION_TEMP              ; 85                                     ; --            ; --          ; --             ;
; MIN_CORE_JUNCTION_TEMP              ; 0                                      ; --            ; --          ; --             ;
; PARTITION_COLOR                     ; -- (Not supported for targeted family) ; --            ; --          ; Top            ;
; PARTITION_FITTER_PRESERVATION_LEVEL ; -- (Not supported for targeted family) ; --            ; --          ; Top            ;
; PARTITION_NETLIST_TYPE              ; -- (Not supported for targeted family) ; --            ; --          ; Top            ;
; PROJECT_OUTPUT_DIRECTORY            ; output_files                           ; --            ; --          ; --             ;
+-------------------------------------+----------------------------------------+---------------+-------------+----------------+


+--------------------------------------------------------------------------------------------------------------------------+
; Flow Elapsed Time                                                                                                        ;
+----------------------+--------------+-------------------------+---------------------+------------------------------------+
; Module Name          ; Elapsed Time ; Average Processors Used ; Peak Virtual Memory ; Total CPU Time (on all processors) ;
+----------------------+--------------+-------------------------+---------------------+------------------------------------+
; Analysis & Synthesis ; 00:00:34     ; 1.0                     ; 4794 MB             ; 00:00:30                           ;
; Fitter               ; 00:00:11     ; 1.0                     ; 5286 MB             ; 00:00:07                           ;
; Assembler            ; 00:00:03     ; 1.0                     ; 4669 MB             ; 00:00:02                           ;
; Power Analyzer       ; 00:00:04     ; 1.0                     ; 4784 MB             ; 00:00:03                           ;
; Timing Analyzer      ; 00:00:04     ; 1.0                     ; 4745 MB             ; 00:00:03                           ;
; EDA Netlist Writer   ; 00:00:02     ; 1.0                     ; 4630 MB             ; 00:00:01                           ;
; Total                ; 00:00:58     ; --                      ; --                  ; 00:00:46                           ;
+----------------------+--------------+-------------------------+---------------------+------------------------------------+


+------------------------------------------------------------------------------------+
; Flow OS Summary                                                                    ;
+----------------------+------------------+------------+------------+----------------+
; Module Name          ; Machine Hostname ; OS Name    ; OS Version ; Processor type ;
+----------------------+------------------+------------+------------+----------------+
; Analysis & Synthesis ; DESKTOP-44RHCNR  ; Windows 10 ; 10.0       ; x86_64         ;
; Fitter               ; DESKTOP-44RHCNR  ; Windows 10 ; 10.0       ; x86_64         ;
; Assembler            ; DESKTOP-44RHCNR  ; Windows 10 ; 10.0       ; x86_64         ;
; Power Analyzer       ; DESKTOP-44RHCNR  ; Windows 10 ; 10.0       ; x86_64         ;
; Timing Analyzer      ; DESKTOP-44RHCNR  ; Windows 10 ; 10.0       ; x86_64         ;
; EDA Netlist Writer   ; DESKTOP-44RHCNR  ; Windows 10 ; 10.0       ; x86_64         ;
+----------------------+------------------+------------+------------+----------------+


------------
; Flow Log ;
------------
quartus_map --read_settings_files=on --write_settings_files=off MySecondDigitalSystem -c MySecondDigitalSystem
quartus_fit --read_settings_files=off --write_settings_files=off MySecondDigitalSystem -c MySecondDigitalSystem
quartus_asm --read_settings_files=off --write_settings_files=off MySecondDigitalSystem -c MySecondDigitalSystem
quartus_pow --read_settings_files=off --write_settings_files=off MySecondDigitalSystem -c MySecondDigitalSystem
quartus_sta MySecondDigitalSystem -c MySecondDigitalSystem
quartus_eda --read_settings_files=off --write_settings_files=off MySecondDigitalSystem -c MySecondDigitalSystem



