Analysis & Elaboration report for FSM_game
Wed Jan 25 17:35:13 2023
Quartus Prime Version 18.0.0 Build 614 04/24/2018 SJ Lite Edition


---------------------
; Table of Contents ;
---------------------
  1. Legal Notice
  2. Analysis & Elaboration Summary
  3. Parallel Compilation
  4. Analysis & Elaboration Settings
  5. Analysis & Elaboration Messages



----------------
; Legal Notice ;
----------------
Copyright (C) 2018  Intel Corporation. All rights reserved.
Your use of Intel Corporation's design tools, logic functions 
and other software and tools, and its AMPP partner logic 
functions, and any output files from any of the foregoing 
(including device programming or simulation files), and any 
associated documentation or information are expressly subject 
to the terms and conditions of the Intel Program License 
Subscription Agreement, the Intel Quartus Prime License Agreement,
the Intel FPGA IP License Agreement, or other applicable license
agreement, including, without limitation, that your use is for
the sole purpose of programming logic devices manufactured by
Intel and sold by Intel or its authorized distributors.  Please
refer to the applicable agreement for further details.



+----------------------------------------------------------------------------------+
; Analysis & Elaboration Summary                                                   ;
+------------------------------------+---------------------------------------------+
; Analysis & Elaboration Status      ; Successful - Wed Jan 25 17:35:13 2023       ;
; Quartus Prime Version              ; 18.0.0 Build 614 04/24/2018 SJ Lite Edition ;
; Revision Name                      ; FSM_game                                    ;
; Top-level Entity Name              ; FSM_game                                    ;
; Family                             ; MAX 10                                      ;
; Total logic elements               ; N/A until Partition Merge                   ;
;     Total combinational functions  ; N/A until Partition Merge                   ;
;     Dedicated logic registers      ; N/A until Partition Merge                   ;
; Total registers                    ; N/A until Partition Merge                   ;
; Total pins                         ; N/A until Partition Merge                   ;
; Total virtual pins                 ; N/A until Partition Merge                   ;
; Total memory bits                  ; N/A until Partition Merge                   ;
; Embedded Multiplier 9-bit elements ; N/A until Partition Merge                   ;
; Total PLLs                         ; N/A until Partition Merge                   ;
; UFM blocks                         ; N/A until Partition Merge                   ;
; ADC blocks                         ; N/A until Partition Merge                   ;
+------------------------------------+---------------------------------------------+


+------------------------------------------+
; Parallel Compilation                     ;
+----------------------------+-------------+
; Processors                 ; Number      ;
+----------------------------+-------------+
; Number detected on machine ; 2           ;
; Maximum allowed            ; 2           ;
;                            ;             ;
; Average used               ; 1.00        ;
; Maximum used               ; 1           ;
;                            ;             ;
; Usage by Processor         ; % Time Used ;
;     Processor 1            ; 100.0%      ;
+----------------------------+-------------+


+------------------------------------------------------------------------------------------------------------+
; Analysis & Elaboration Settings                                                                            ;
+------------------------------------------------------------------+--------------------+--------------------+
; Option                                                           ; Setting            ; Default Value      ;
+------------------------------------------------------------------+--------------------+--------------------+
; Device                                                           ; 10M16SAU169C8G     ;                    ;
; Top-level entity name                                            ; FSM_game           ; FSM_game           ;
; Family name                                                      ; MAX 10             ; Cyclone V          ;
; Use smart compilation                                            ; Off                ; Off                ;
; Enable parallel Assembler and Timing Analyzer during compilation ; On                 ; On                 ;
; Enable compact report table                                      ; Off                ; Off                ;
; Restructure Multiplexers                                         ; Auto               ; Auto               ;
; Create Debugging Nodes for IP Cores                              ; Off                ; Off                ;
; Preserve fewer node names                                        ; On                 ; On                 ;
; Intel FPGA IP Evaluation Mode                                    ; Enable             ; Enable             ;
; Verilog Version                                                  ; Verilog_2001       ; Verilog_2001       ;
; VHDL Version                                                     ; VHDL_1993          ; VHDL_1993          ;
; State Machine Processing                                         ; Auto               ; Auto               ;
; Safe State Machine                                               ; Off                ; Off                ;
; Extract Verilog State Machines                                   ; On                 ; On                 ;
; Extract VHDL State Machines                                      ; On                 ; On                 ;
; Ignore Verilog initial constructs                                ; Off                ; Off                ;
; Iteration limit for constant Verilog loops                       ; 5000               ; 5000               ;
; Iteration limit for non-constant Verilog loops                   ; 250                ; 250                ;
; Add Pass-Through Logic to Inferred RAMs                          ; On                 ; On                 ;
; Infer RAMs from Raw Logic                                        ; On                 ; On                 ;
; Parallel Synthesis                                               ; On                 ; On                 ;
; DSP Block Balancing                                              ; Auto               ; Auto               ;
; NOT Gate Push-Back                                               ; On                 ; On                 ;
; Power-Up Don't Care                                              ; On                 ; On                 ;
; Remove Redundant Logic Cells                                     ; Off                ; Off                ;
; Remove Duplicate Registers                                       ; On                 ; On                 ;
; Ignore CARRY Buffers                                             ; Off                ; Off                ;
; Ignore CASCADE Buffers                                           ; Off                ; Off                ;
; Ignore GLOBAL Buffers                                            ; Off                ; Off                ;
; Ignore ROW GLOBAL Buffers                                        ; Off                ; Off                ;
; Ignore LCELL Buffers                                             ; Off                ; Off                ;
; Ignore SOFT Buffers                                              ; On                 ; On                 ;
; Limit AHDL Integers to 32 Bits                                   ; Off                ; Off                ;
; Optimization Technique                                           ; Balanced           ; Balanced           ;
; Carry Chain Length                                               ; 70                 ; 70                 ;
; Auto Carry Chains                                                ; On                 ; On                 ;
; Auto Open-Drain Pins                                             ; On                 ; On                 ;
; Perform WYSIWYG Primitive Resynthesis                            ; Off                ; Off                ;
; Auto ROM Replacement                                             ; On                 ; On                 ;
; Auto RAM Replacement                                             ; On                 ; On                 ;
; Auto DSP Block Replacement                                       ; On                 ; On                 ;
; Auto Shift Register Replacement                                  ; Auto               ; Auto               ;
; Allow Shift Register Merging across Hierarchies                  ; Auto               ; Auto               ;
; Auto Clock Enable Replacement                                    ; On                 ; On                 ;
; Strict RAM Replacement                                           ; Off                ; Off                ;
; Allow Synchronous Control Signals                                ; On                 ; On                 ;
; Force Use of Synchronous Clear Signals                           ; Off                ; Off                ;
; Auto RAM Block Balancing                                         ; On                 ; On                 ;
; Auto RAM to Logic Cell Conversion                                ; Off                ; Off                ;
; Auto Resource Sharing                                            ; Off                ; Off                ;
; Allow Any RAM Size For Recognition                               ; Off                ; Off                ;
; Allow Any ROM Size For Recognition                               ; Off                ; Off                ;
; Allow Any Shift Register Size For Recognition                    ; Off                ; Off                ;
; Use LogicLock Constraints during Resource Balancing              ; On                 ; On                 ;
; Ignore translate_off and synthesis_off directives                ; Off                ; Off                ;
; Timing-Driven Synthesis                                          ; On                 ; On                 ;
; Report Parameter Settings                                        ; On                 ; On                 ;
; Report Source Assignments                                        ; On                 ; On                 ;
; Report Connectivity Checks                                       ; On                 ; On                 ;
; Ignore Maximum Fan-Out Assignments                               ; Off                ; Off                ;
; Synchronization Register Chain Length                            ; 2                  ; 2                  ;
; Power Optimization During Synthesis                              ; Normal compilation ; Normal compilation ;
; HDL message level                                                ; Level2             ; Level2             ;
; Suppress Register Optimization Related Messages                  ; Off                ; Off                ;
; Number of Removed Registers Reported in Synthesis Report         ; 5000               ; 5000               ;
; Number of Swept Nodes Reported in Synthesis Report               ; 5000               ; 5000               ;
; Number of Inverted Registers Reported in Synthesis Report        ; 100                ; 100                ;
; Clock MUX Protection                                             ; On                 ; On                 ;
; Auto Gated Clock Conversion                                      ; Off                ; Off                ;
; Block Design Naming                                              ; Auto               ; Auto               ;
; SDC constraint protection                                        ; Off                ; Off                ;
; Synthesis Effort                                                 ; Auto               ; Auto               ;
; Shift Register Replacement - Allow Asynchronous Clear Signal     ; On                 ; On                 ;
; Pre-Mapping Resynthesis Optimization                             ; Off                ; Off                ;
; Analysis & Synthesis Message Level                               ; Medium             ; Medium             ;
; Disable Register Merging Across Hierarchies                      ; Auto               ; Auto               ;
; Resource Aware Inference For Block RAM                           ; On                 ; On                 ;
+------------------------------------------------------------------+--------------------+--------------------+


+---------------------------------+
; Analysis & Elaboration Messages ;
+---------------------------------+
Info: *******************************************************************
Info: Running Quartus Prime Analysis & Elaboration
    Info: Version 18.0.0 Build 614 04/24/2018 SJ Lite Edition
    Info: Processing started: Wed Jan 25 17:34:40 2023
Info: Command: quartus_map --read_settings_files=on --write_settings_files=off FSM_game -c FSM_game --analysis_and_elaboration
Warning (18236): Number of processors has not been specified which may cause overloading on shared machines.  Set the global assignment NUM_PARALLEL_PROCESSORS in your QSF to an appropriate value for best performance.
Info (20030): Parallel compilation is enabled and will use 2 of the 2 processors detected
Info (12021): Found 2 design units, including 1 entities, in source file fsm_game.vhd
    Info (12022): Found design unit 1: FSM_game-Behavioral File: C:/Users/User/OneDrive/Desktop/FAX 2GOD/LPRS/LAB9_Zad1/FSM_game.vhd Line: 15
    Info (12023): Found entity 1: FSM_game File: C:/Users/User/OneDrive/Desktop/FAX 2GOD/LPRS/LAB9_Zad1/FSM_game.vhd Line: 5
Info (12021): Found 2 design units, including 1 entities, in source file simulation/modelsim/fsm_game_tb.vhd
    Info (12022): Found design unit 1: FSM_game_tb-Test File: C:/Users/User/OneDrive/Desktop/FAX 2GOD/LPRS/LAB9_Zad1/simulation/modelsim/FSM_game_tb.vhd Line: 7
    Info (12023): Found entity 1: FSM_game_tb File: C:/Users/User/OneDrive/Desktop/FAX 2GOD/LPRS/LAB9_Zad1/simulation/modelsim/FSM_game_tb.vhd Line: 4
Info (12127): Elaborating entity "FSM_game" for the top level hierarchy
Warning (10541): VHDL Signal Declaration warning at FSM_game.vhd(10): used implicit default value for signal "oA" because signal was never assigned a value or an explicit default value. Use of implicit default value may introduce unintended design optimizations. File: C:/Users/User/OneDrive/Desktop/FAX 2GOD/LPRS/LAB9_Zad1/FSM_game.vhd Line: 10
Warning (10541): VHDL Signal Declaration warning at FSM_game.vhd(11): used implicit default value for signal "oB" because signal was never assigned a value or an explicit default value. Use of implicit default value may introduce unintended design optimizations. File: C:/Users/User/OneDrive/Desktop/FAX 2GOD/LPRS/LAB9_Zad1/FSM_game.vhd Line: 11
Warning (10036): Verilog HDL or VHDL warning at FSM_game.vhd(19): object "sWIN" assigned a value but never read File: C:/Users/User/OneDrive/Desktop/FAX 2GOD/LPRS/LAB9_Zad1/FSM_game.vhd Line: 19
Warning (10631): VHDL Process Statement warning at FSM_game.vhd(36): inferring latch(es) for signal or variable "s_next_state", which holds its previous value in one or more paths through the process File: C:/Users/User/OneDrive/Desktop/FAX 2GOD/LPRS/LAB9_Zad1/FSM_game.vhd Line: 36
Info (10041): Inferred latch for "s_next_state.BWIN" at FSM_game.vhd(36) File: C:/Users/User/OneDrive/Desktop/FAX 2GOD/LPRS/LAB9_Zad1/FSM_game.vhd Line: 36
Info (10041): Inferred latch for "s_next_state.AWIN" at FSM_game.vhd(36) File: C:/Users/User/OneDrive/Desktop/FAX 2GOD/LPRS/LAB9_Zad1/FSM_game.vhd Line: 36
Info (10041): Inferred latch for "s_next_state.BLEAD" at FSM_game.vhd(36) File: C:/Users/User/OneDrive/Desktop/FAX 2GOD/LPRS/LAB9_Zad1/FSM_game.vhd Line: 36
Info (10041): Inferred latch for "s_next_state.ALEAD" at FSM_game.vhd(36) File: C:/Users/User/OneDrive/Desktop/FAX 2GOD/LPRS/LAB9_Zad1/FSM_game.vhd Line: 36
Info (10041): Inferred latch for "s_next_state.DRAW" at FSM_game.vhd(36) File: C:/Users/User/OneDrive/Desktop/FAX 2GOD/LPRS/LAB9_Zad1/FSM_game.vhd Line: 36
Info: Quartus Prime Analysis & Elaboration was successful. 0 errors, 5 warnings
    Info: Peak virtual memory: 4784 megabytes
    Info: Processing ended: Wed Jan 25 17:35:13 2023
    Info: Elapsed time: 00:00:33
    Info: Total CPU time (on all processors): 00:00:38


