Flow report for MyFirstDigitalSystem
Tue Nov 01 13:22:36 2022
Quartus Prime Version 18.0.0 Build 614 04/24/2018 SJ Lite Edition


---------------------
; Table of Contents ;
---------------------
  1. Legal Notice
  2. Flow Summary
  3. Flow Settings
  4. Flow Non-Default Global Settings
  5. Flow Elapsed Time
  6. Flow OS Summary
  7. Flow Log
  8. Flow Messages
  9. Flow Suppressed Messages



----------------
; Legal Notice ;
----------------
Copyright (C) 2018  Intel Corporation. All rights reserved.
Your use of Intel Corporation's design tools, logic functions 
and other software and tools, and its AMPP partner logic 
functions, and any output files from any of the foregoing 
(including device programming or simulation files), and any 
associated documentation or information are expressly subject 
to the terms and conditions of the Intel Program License 
Subscription Agreement, the Intel Quartus Prime License Agreement,
the Intel FPGA IP License Agreement, or other applicable license
agreement, including, without limitation, that your use is for
the sole purpose of programming logic devices manufactured by
Intel and sold by Intel or its authorized distributors.  Please
refer to the applicable agreement for further details.



+----------------------------------------------------------------------------------+
; Flow Summary                                                                     ;
+------------------------------------+---------------------------------------------+
; Flow Status                        ; Successful - Tue Nov 01 13:22:36 2022       ;
; Quartus Prime Version              ; 18.0.0 Build 614 04/24/2018 SJ Lite Edition ;
; Revision Name                      ; MyFirstDigitalSystem                        ;
; Top-level Entity Name              ; MyFirstDigitalSystem                        ;
; Family                             ; MAX 10                                      ;
; Device                             ; 10M16SAU169C8G                              ;
; Timing Models                      ; Final                                       ;
; Total logic elements               ; 2 / 15,840 ( < 1 % )                        ;
;     Total combinational functions  ; 2 / 15,840 ( < 1 % )                        ;
;     Dedicated logic registers      ; 0 / 15,840 ( 0 % )                          ;
; Total registers                    ; 0                                           ;
; Total pins                         ; 3 / 130 ( 2 % )                             ;
; Total virtual pins                 ; 0                                           ;
; Total memory bits                  ; 0 / 562,176 ( 0 % )                         ;
; Embedded Multiplier 9-bit elements ; 0 / 90 ( 0 % )                              ;
; Total PLLs                         ; 0 / 1 ( 0 % )                               ;
; UFM blocks                         ; 0 / 1 ( 0 % )                               ;
; ADC blocks                         ; 0 / 1 ( 0 % )                               ;
+------------------------------------+---------------------------------------------+


+------------------------------------------+
; Flow Settings                            ;
+-------------------+----------------------+
; Option            ; Setting              ;
+-------------------+----------------------+
; Start date & time ; 11/01/2022 13:21:30  ;
; Main task         ; Compilation          ;
; Revision Name     ; MyFirstDigitalSystem ;
+-------------------+----------------------+


+------------------------------------------------------------------------------------------------------------------------------------------------+
; Flow Non-Default Global Settings                                                                                                               ;
+--------------------------------------+-------------------------------------------------+---------------+-------------+-------------------------+
; Assignment Name                      ; Value                                           ; Default Value ; Entity Name ; Section Id              ;
+--------------------------------------+-------------------------------------------------+---------------+-------------+-------------------------+
; COMPILER_SIGNATURE_ID                ; 10995770589201.166730528900324                  ; --            ; --          ; --                      ;
; EDA_DESIGN_INSTANCE_NAME             ; NA                                              ; --            ; --          ; MyFirstDigitalSystem_tb ;
; EDA_NATIVELINK_SIMULATION_TEST_BENCH ; MyFirstDigitalSystem_tb                         ; --            ; --          ; eda_simulation          ;
; EDA_OUTPUT_DATA_FORMAT               ; Vhdl                                            ; --            ; --          ; eda_simulation          ;
; EDA_SIMULATION_TOOL                  ; ModelSim-Altera (VHDL)                          ; <None>        ; --          ; --                      ;
; EDA_TEST_BENCH_ENABLE_STATUS         ; TEST_BENCH_MODE                                 ; --            ; --          ; eda_simulation          ;
; EDA_TEST_BENCH_FILE                  ; simulation/modelsim/MyFirstDigitalSystem_tb.vhd ; --            ; --          ; MyFirstDigitalSystem_tb ;
; EDA_TEST_BENCH_MODULE_NAME           ; MyFirstDigitalSystem_tb                         ; --            ; --          ; MyFirstDigitalSystem_tb ;
; EDA_TEST_BENCH_NAME                  ; MyFirstDigitalSystem_tb                         ; --            ; --          ; eda_simulation          ;
; EDA_TIME_SCALE                       ; 1 ps                                            ; --            ; --          ; eda_simulation          ;
; FLOW_ENABLE_POWER_ANALYZER           ; On                                              ; Off           ; --          ; --                      ;
; MAX_CORE_JUNCTION_TEMP               ; 85                                              ; --            ; --          ; --                      ;
; MIN_CORE_JUNCTION_TEMP               ; 0                                               ; --            ; --          ; --                      ;
; PARTITION_COLOR                      ; -- (Not supported for targeted family)          ; --            ; --          ; Top                     ;
; PARTITION_FITTER_PRESERVATION_LEVEL  ; -- (Not supported for targeted family)          ; --            ; --          ; Top                     ;
; PARTITION_NETLIST_TYPE               ; -- (Not supported for targeted family)          ; --            ; --          ; Top                     ;
; POWER_BOARD_THERMAL_MODEL            ; None (CONSERVATIVE)                             ; --            ; --          ; --                      ;
; POWER_DEFAULT_INPUT_IO_TOGGLE_RATE   ; 12.5 %                                          ; 12.5%         ; --          ; --                      ;
; POWER_PRESET_COOLING_SOLUTION        ; 23 MM HEAT SINK WITH 200 LFPM AIRFLOW           ; --            ; --          ; --                      ;
; PROJECT_OUTPUT_DIRECTORY             ; output_files                                    ; --            ; --          ; --                      ;
+--------------------------------------+-------------------------------------------------+---------------+-------------+-------------------------+


+--------------------------------------------------------------------------------------------------------------------------+
; Flow Elapsed Time                                                                                                        ;
+----------------------+--------------+-------------------------+---------------------+------------------------------------+
; Module Name          ; Elapsed Time ; Average Processors Used ; Peak Virtual Memory ; Total CPU Time (on all processors) ;
+----------------------+--------------+-------------------------+---------------------+------------------------------------+
; Analysis & Synthesis ; 00:00:30     ; 1.0                     ; 4777 MB             ; 00:00:30                           ;
; Fitter               ; 00:00:12     ; 1.0                     ; 5290 MB             ; 00:00:09                           ;
; Assembler            ; 00:00:03     ; 1.0                     ; 4669 MB             ; 00:00:02                           ;
; Power Analyzer       ; 00:00:04     ; 1.0                     ; 4787 MB             ; 00:00:03                           ;
; Timing Analyzer      ; 00:00:06     ; 1.0                     ; 4751 MB             ; 00:00:04                           ;
; EDA Netlist Writer   ; 00:00:02     ; 1.0                     ; 4631 MB             ; 00:00:02                           ;
; Total                ; 00:00:57     ; --                      ; --                  ; 00:00:50                           ;
+----------------------+--------------+-------------------------+---------------------+------------------------------------+


+------------------------------------------------------------------------------------+
; Flow OS Summary                                                                    ;
+----------------------+------------------+------------+------------+----------------+
; Module Name          ; Machine Hostname ; OS Name    ; OS Version ; Processor type ;
+----------------------+------------------+------------+------------+----------------+
; Analysis & Synthesis ; DESKTOP-44RHCNR  ; Windows 10 ; 10.0       ; x86_64         ;
; Fitter               ; DESKTOP-44RHCNR  ; Windows 10 ; 10.0       ; x86_64         ;
; Assembler            ; DESKTOP-44RHCNR  ; Windows 10 ; 10.0       ; x86_64         ;
; Power Analyzer       ; DESKTOP-44RHCNR  ; Windows 10 ; 10.0       ; x86_64         ;
; Timing Analyzer      ; DESKTOP-44RHCNR  ; Windows 10 ; 10.0       ; x86_64         ;
; EDA Netlist Writer   ; DESKTOP-44RHCNR  ; Windows 10 ; 10.0       ; x86_64         ;
+----------------------+------------------+------------+------------+----------------+


------------
; Flow Log ;
------------
quartus_map --read_settings_files=on --write_settings_files=off MyFirstDigitalSystem -c MyFirstDigitalSystem
quartus_fit --read_settings_files=off --write_settings_files=off MyFirstDigitalSystem -c MyFirstDigitalSystem
quartus_asm --read_settings_files=off --write_settings_files=off MyFirstDigitalSystem -c MyFirstDigitalSystem
quartus_pow --read_settings_files=off --write_settings_files=off MyFirstDigitalSystem -c MyFirstDigitalSystem
quartus_sta MyFirstDigitalSystem -c MyFirstDigitalSystem
quartus_eda --read_settings_files=off --write_settings_files=off MyFirstDigitalSystem -c MyFirstDigitalSystem



